<?xml version="1.0" encoding="UTF-8"?>
<!-- Generated by org.testng.reporters.JUnitReportReporter -->
<testsuite skipped="0" hostname="DESKTOP-FR2PRID" name="Script.S5_Login_Clickonusers" tests="1" failures="0" timestamp="11 Sep 2019 03:43:22 GMT" time="33.812" errors="0">
  <testcase name="clickusers" time="33.812" classname="Script.S5_Login_Clickonusers"/>
</testsuite> <!-- Script.S5_Login_Clickonusers -->
