<?xml version="1.0" encoding="UTF-8"?>
<!-- Generated by org.testng.reporters.JUnitReportReporter -->
<testsuite hostname="User-PC" name="Script.S8_Deluser" tests="1" failures="0" timestamp="11 Sep 2019 19:33:55 GMT" time="62.311" errors="0">
  <testcase name="clickusers" time="62.311" classname="Script.S8_Deluser"/>
</testsuite> <!-- Script.S8_Deluser -->
