<?xml version="1.0" encoding="UTF-8"?>
<!-- Generated by org.testng.reporters.JUnitReportReporter -->
<testsuite hostname="User-PC" name="Script.S4_Validate_DataDriven_Actitime_login_script" tests="1" failures="0" timestamp="11 Sep 2019 17:46:34 GMT" time="104.611" errors="0">
  <testcase name="login" time="104.611" classname="Script.S4_Validate_DataDriven_Actitime_login_script"/>
</testsuite> <!-- Script.S4_Validate_DataDriven_Actitime_login_script -->
