<?xml version="1.0" encoding="UTF-8"?>
<!-- Generated by org.testng.reporters.JUnitReportReporter -->
<testsuite skipped="0" hostname="DESKTOP-FR2PRID" name="Script.S5_Validate_DataDriven_Actitime_login_script" tests="1" failures="0" timestamp="11 Sep 2019 02:53:51 GMT" time="30.040" errors="0">
  <testcase name="login" time="30.040" classname="Script.S5_Validate_DataDriven_Actitime_login_script"/>
</testsuite> <!-- Script.S5_Validate_DataDriven_Actitime_login_script -->
