<?xml version="1.0" encoding="UTF-8"?>
<!-- Generated by org.testng.reporters.JUnitReportReporter -->
<testsuite skipped="0" hostname="DESKTOP-FR2PRID" name="Script.loginscript" tests="1" failures="0" timestamp="09 Sep 2019 04:04:04 GMT" time="22.781" errors="0">
  <testcase name="loginActi" time="22.781" classname="Script.loginscript"/>
</testsuite> <!-- Script.loginscript -->
