<?xml version="1.0" encoding="UTF-8"?>
<!-- Generated by org.testng.reporters.JUnitReportReporter -->
<testsuite skipped="0" hostname="DESKTOP-FR2PRID" name="Script.S1_Actitime_login_script" tests="1" failures="0" timestamp="11 Sep 2019 08:08:07 GMT" time="28.114" errors="0">
  <testcase name="loginscript" time="28.114" classname="Script.S1_Actitime_login_script"/>
</testsuite> <!-- Script.S1_Actitime_login_script -->
