<?xml version="1.0" encoding="UTF-8"?>
<!-- Generated by org.testng.reporters.JUnitReportReporter -->
<testsuite skipped="0" hostname="DESKTOP-FR2PRID" name="Script.S2_Actitime_login_script" tests="1" failures="0" timestamp="10 Sep 2019 08:05:04 GMT" time="19.597" errors="0">
  <testcase name="login" time="19.597" classname="Script.S2_Actitime_login_script"/>
</testsuite> <!-- Script.S2_Actitime_login_script -->
