<?xml version="1.0" encoding="UTF-8"?>
<!-- Generated by org.testng.reporters.JUnitReportReporter -->
<testsuite skipped="0" hostname="DESKTOP-FR2PRID" name="Script.S3_Validate_Actitime_login_script2" tests="1" failures="0" timestamp="10 Sep 2019 03:17:30 GMT" time="34.409" errors="0">
  <testcase name="login" time="34.409" classname="Script.S3_Validate_Actitime_login_script2"/>
</testsuite> <!-- Script.S3_Validate_Actitime_login_script2 -->
