<?xml version="1.0" encoding="UTF-8"?>
<!-- Generated by org.testng.reporters.JUnitReportReporter -->
<testsuite hostname="User-PC" name="Script.S7_Adduser" tests="1" failures="0" timestamp="11 Sep 2019 18:53:30 GMT" time="83.013" errors="0">
  <testcase name="clickusers" time="83.013" classname="Script.S7_Adduser"/>
</testsuite> <!-- Script.S7_Adduser -->
