<?xml version="1.0" encoding="UTF-8"?>
<!-- Generated by org.testng.reporters.JUnitReportReporter -->
<testsuite skipped="0" hostname="DESKTOP-FR2PRID" name="Script.Actitime_login_script_2" tests="1" failures="0" timestamp="09 Sep 2019 04:12:17 GMT" time="19.840" errors="0">
  <testcase name="login" time="19.840" classname="Script.Actitime_login_script_2"/>
</testsuite> <!-- Script.Actitime_login_script_2 -->
